Start testing: May 23 16:31 MSK
----------------------------------------------------------
1/3 Testing: TestPrefix
1/3 Test: TestPrefix
Command: "/home/user/6303_piaa_lab5/build/testPrefix"
Directory: /home/user/6303_piaa_lab5/build
"TestPrefix" start time: May 23 16:31 MSK
Output:
----------------------------------------------------------
[==========] Running 6 tests from 1 test case.
[----------] Global test environment set-up.
[----------] 6 tests from Default/prefixTest
[ RUN      ] Default/prefixTest.prefixFunction/0
[String: efefeftef | Results: 0 0 1 2 3 4 0 1 2 ]
[       OK ] Default/prefixTest.prefixFunction/0 (0 ms)
[ RUN      ] Default/prefixTest.prefixFunction/1
[String:   | Results: 0 ]
[       OK ] Default/prefixTest.prefixFunction/1 (0 ms)
[ RUN      ] Default/prefixTest.prefixFunction/2
[String: abcde | Results: 0 0 0 0 0 ]
[       OK ] Default/prefixTest.prefixFunction/2 (0 ms)
[ RUN      ] Default/prefixTest.prefixFunction/3
[String: h | Results: 0 ]
[       OK ] Default/prefixTest.prefixFunction/3 (0 ms)
[ RUN      ] Default/prefixTest.prefixFunction/4
[String: saaas | Results: 0 0 0 0 1 ]
[       OK ] Default/prefixTest.prefixFunction/4 (0 ms)
[ RUN      ] Default/prefixTest.prefixFunction/5
[String: abcaababcabcacab | Results: 0 0 0 1 1 2 1 2 3 4 2 3 4 0 1 2 ]
[       OK ] Default/prefixTest.prefixFunction/5 (0 ms)
[----------] 6 tests from Default/prefixTest (0 ms total)

[----------] Global test environment tear-down
[==========] 6 tests from 1 test case ran. (0 ms total)
[  PASSED  ] 6 tests.
<end of output>
Test time =   0.00 sec
----------------------------------------------------------
Test Passed.
"TestPrefix" end time: May 23 16:31 MSK
"TestPrefix" time elapsed: 00:00:00
----------------------------------------------------------

2/3 Testing: TestPatternSearch
2/3 Test: TestPatternSearch
Command: "/home/user/6303_piaa_lab5/build/testPatternSearch"
Directory: /home/user/6303_piaa_lab5/build
"TestPatternSearch" start time: May 23 16:31 MSK
Output:
----------------------------------------------------------
[==========] Running 7 tests from 1 test case.
[----------] Global test environment set-up.
[----------] 7 tests from Default/patternSearchTest
[ RUN      ] Default/patternSearchTest.searchPatternInText/0
[Source string: a | Pattern: a | Results: 0 ]
[       OK ] Default/patternSearchTest.searchPatternInText/0 (0 ms)
[ RUN      ] Default/patternSearchTest.searchPatternInText/1
[Source string: abab | Pattern: ab | Results: 0 2 ]
[       OK ] Default/patternSearchTest.searchPatternInText/1 (0 ms)
[ RUN      ] Default/patternSearchTest.searchPatternInText/2
[Source string: abcde | Pattern: f | Results: -1 ]
[       OK ] Default/patternSearchTest.searchPatternInText/2 (0 ms)
[ RUN      ] Default/patternSearchTest.searchPatternInText/3
[Source string: akiGhjdopaAjmkfhta | Pattern: a | Results: 0 9 17 ]
[       OK ] Default/patternSearchTest.searchPatternInText/3 (1 ms)
[ RUN      ] Default/patternSearchTest.searchPatternInText/4
[Source string: abbakiGhjdopabbaAjmkfhtabba | Pattern: abba | Results: 0 12 23 ]
[       OK ] Default/patternSearchTest.searchPatternInText/4 (0 ms)
[ RUN      ] Default/patternSearchTest.searchPatternInText/5
[Source string: htfsuccrhgysuccesskmjgsuccessfulllls | Pattern: successfull | Results: 22 ]
[       OK ] Default/patternSearchTest.searchPatternInText/5 (0 ms)
[ RUN      ] Default/patternSearchTest.searchPatternInText/6
[Source string: mmmmmmmmmmmm | Pattern: m | Results: 0 1 2 3 4 5 6 7 8 9 10 11 ]
[       OK ] Default/patternSearchTest.searchPatternInText/6 (0 ms)
[----------] 7 tests from Default/patternSearchTest (1 ms total)

[----------] Global test environment tear-down
[==========] 7 tests from 1 test case ran. (1 ms total)
[  PASSED  ] 7 tests.
<end of output>
Test time =   0.00 sec
----------------------------------------------------------
Test Passed.
"TestPatternSearch" end time: May 23 16:31 MSK
"TestPatternSearch" time elapsed: 00:00:00
----------------------------------------------------------

3/3 Testing: TestCheckShift
3/3 Test: TestCheckShift
Command: "/home/user/6303_piaa_lab5/build/testCheckShift"
Directory: /home/user/6303_piaa_lab5/build
"TestCheckShift" start time: May 23 16:31 MSK
Output:
----------------------------------------------------------
[==========] Running 5 tests from 1 test case.
[----------] Global test environment set-up.
[----------] 5 tests from Default/checkShiftTest
[ RUN      ] Default/checkShiftTest.checkCycleShift/0
[Checking string(A): defabc | Source(B): abcdef | Result: 3]
[       OK ] Default/checkShiftTest.checkCycleShift/0 (0 ms)
[ RUN      ] Default/checkShiftTest.checkCycleShift/1
[Checking string(A): m | Source(B): mmmm | Result: -1]
[       OK ] Default/checkShiftTest.checkCycleShift/1 (0 ms)
[ RUN      ] Default/checkShiftTest.checkCycleShift/2
[Checking string(A): kkk | Source(B): k | Result: -1]
[       OK ] Default/checkShiftTest.checkCycleShift/2 (0 ms)
[ RUN      ] Default/checkShiftTest.checkCycleShift/3
[Checking string(A): poploly | Source(B): lolypop | Result: 3]
[       OK ] Default/checkShiftTest.checkCycleShift/3 (0 ms)
[ RUN      ] Default/checkShiftTest.checkCycleShift/4
[Checking string(A): 12345kdcskbdcasda | Source(B): a12345kdcskbdcasd | Result: 16]
[       OK ] Default/checkShiftTest.checkCycleShift/4 (1 ms)
[----------] 5 tests from Default/checkShiftTest (1 ms total)

[----------] Global test environment tear-down
[==========] 5 tests from 1 test case ran. (1 ms total)
[  PASSED  ] 5 tests.
<end of output>
Test time =   0.00 sec
----------------------------------------------------------
Test Passed.
"TestCheckShift" end time: May 23 16:31 MSK
"TestCheckShift" time elapsed: 00:00:00
----------------------------------------------------------

End testing: May 23 16:31 MSK
